<?xml version="1.0" encoding="UTF-8"?>
<testng-results ignored="2" total="6" passed="4" failed="0" skipped="0">
  <reporter-output>
  </reporter-output>
  <suite started-at="2024-10-29T17:23:30 IST" name="Suite" finished-at="2024-10-29T17:23:33 IST" duration-ms="3130">
    <groups>
    </groups>
    <test started-at="2024-10-29T17:23:30 IST" name="Test" finished-at="2024-10-29T17:23:33 IST" duration-ms="3130">
      <class name="com.ninza.hrm.api.projecttest.ProjectTest">
        <test-method is-config="true" signature="configBS()[pri:0, instance:com.ninza.hrm.api.projecttest.ProjectTest@69e153c5]" started-at="2024-10-29T17:23:29 IST" name="configBS" finished-at="2024-10-29T17:23:30 IST" duration-ms="597" status="PASS">
          <reporter-output>
          </reporter-output>
        </test-method> <!-- configBS -->
        <test-method signature="addSingleProjectWithCreateTest()[pri:0, instance:com.ninza.hrm.api.projecttest.ProjectTest@69e153c5]" started-at="2024-10-29T17:23:30 IST" name="addSingleProjectWithCreateTest" finished-at="2024-10-29T17:23:32 IST" duration-ms="2256" status="PASS">
          <reporter-output>
          </reporter-output>
        </test-method> <!-- addSingleProjectWithCreateTest -->
        <test-method signature="createDublicateProjectTest()[pri:0, instance:com.ninza.hrm.api.projecttest.ProjectTest@69e153c5]" started-at="2024-10-29T17:23:32 IST" name="createDublicateProjectTest" finished-at="2024-10-29T17:23:32 IST" depends-on-methods="com.ninza.hrm.api.projecttest.ProjectTest.addSingleProjectWithCreateTest" duration-ms="132" status="PASS">
          <reporter-output>
          </reporter-output>
        </test-method> <!-- createDublicateProjectTest -->
        <test-method is-config="true" signature="configAS()[pri:0, instance:com.ninza.hrm.api.projecttest.ProjectTest@69e153c5]" started-at="2024-10-29T17:23:33 IST" name="configAS" finished-at="2024-10-29T17:23:33 IST" duration-ms="1" status="PASS">
          <reporter-output>
          </reporter-output>
        </test-method> <!-- configAS -->
      </class> <!-- com.ninza.hrm.api.projecttest.ProjectTest -->
      <class name="com.ninza.hrm.api.projecttest.EmployeeTest">
        <test-method signature="addEmployeeTest()[pri:0, instance:com.ninza.hrm.api.projecttest.EmployeeTest@5d0bf09b]" started-at="2024-10-29T17:23:32 IST" name="addEmployeeTest" finished-at="2024-10-29T17:23:33 IST" duration-ms="430" status="PASS">
          <reporter-output>
          </reporter-output>
        </test-method> <!-- addEmployeeTest -->
        <test-method signature="addEmployeeWithoutEmailId()[pri:0, instance:com.ninza.hrm.api.projecttest.EmployeeTest@5d0bf09b]" started-at="2024-10-29T17:23:33 IST" name="addEmployeeWithoutEmailId" finished-at="2024-10-29T17:23:33 IST" duration-ms="247" status="PASS">
          <reporter-output>
          </reporter-output>
        </test-method> <!-- addEmployeeWithoutEmailId -->
      </class> <!-- com.ninza.hrm.api.projecttest.EmployeeTest -->
    </test> <!-- Test -->
  </suite> <!-- Suite -->
</testng-results>
