<?xml version="1.0" encoding="UTF-8"?>
<!-- Generated by org.testng.reporters.JUnitXMLReporter -->
<testsuite ignored="0" hostname="Shubh_51" failures="0" tests="2" name="Default test" time="2.22" errors="0" timestamp="2024-10-29T17:17:15 IST">
  <testcase classname="com.ninza.hrm.api.projecttest.ProjectTest" name="addSingleProjectWithCreateTest" time="2.031"/>
  <testcase classname="com.ninza.hrm.api.projecttest.ProjectTest" name="createDublicateProjectTest" time="0.138"/>
</testsuite> <!-- Default test -->
