<?xml version="1.0" encoding="UTF-8"?>
<!-- Generated by org.testng.reporters.JUnitXMLReporter -->
<testsuite ignored="2" hostname="Shubh_51" failures="0" tests="4" name="Test" time="3.13" errors="0" timestamp="2024-10-29T17:23:33 IST">
  <testcase classname="com.ninza.hrm.api.projecttest.ProjectTest" name="addSingleProjectWithCreateTest" time="2.256"/>
  <testcase classname="com.ninza.hrm.api.projecttest.ProjectTest" name="createDublicateProjectTest" time="0.132"/>
  <testcase classname="com.ninza.hrm.api.projecttest.EmployeeTest" name="addEmployeeTest" time="0.43"/>
  <testcase classname="com.ninza.hrm.api.projecttest.EmployeeTest" name="addEmployeeWithoutEmailId" time="0.247"/>
  <testcase classname="com.ninza.hrm.api.basetest.BaseAPIClass" name="@BeforeSuite configBS" time="0.0">
    <ignored/>
  </testcase> <!-- @BeforeSuite configBS -->
  <testcase classname="com.ninza.hrm.api.basetest.BaseAPIClass" name="@AfterSuite configAS" time="0.0">
    <ignored/>
  </testcase> <!-- @AfterSuite configAS -->
</testsuite> <!-- Test -->
