<?xml version="1.0" encoding="UTF-8"?>
<!-- Generated by org.testng.reporters.JUnitReportReporter -->
<testsuite hostname="Shubh_51" failures="0" tests="2" name="com.ninza.hrm.api.projecttest.EmployeeTest" time="0.677" errors="0" timestamp="2024-10-29T17:23:33 IST" skipped="0">
  <testcase classname="com.ninza.hrm.api.projecttest.EmployeeTest" name="addEmployeeTest" time="0.430"/>
  <system-out/>
  <testcase classname="com.ninza.hrm.api.projecttest.EmployeeTest" name="addEmployeeWithoutEmailId" time="0.247"/>
  <system-out/>
</testsuite> <!-- com.ninza.hrm.api.projecttest.EmployeeTest -->
